<?xml version="1.0" encoding="UTF-8"?>
<!-- Generated by org.testng.reporters.JUnitReportReporter -->
<testsuite hostname="DESKTOP-C7K83J1" failures="0" tests="1" name="project.MyTest" time="17.758" errors="0" timestamp="2024-01-27T23:24:05 BDT" skipped="0">
  <testcase classname="project.MyTest" name="teststeps" time="17.758"/>
</testsuite> <!-- project.MyTest -->
